<?xml version="1.0" encoding="UTF-8"?>
<testsuite name="org.masumera.MyFirstTest" tests="1" skipped="0" failures="0" errors="0" timestamp="2024-10-03T01:38:46" hostname="LAPTOP-LKGMNUB0" time="0.002">
  <properties/>
  <testcase name="demoTest()" classname="org.masumera.MyFirstTest" time="0.002"/>
  <system-out><![CDATA[start Test
]]></system-out>
  <system-err><![CDATA[]]></system-err>
</testsuite>
